<?xml version="1.0" encoding="UTF-8"?>
<!-- Generated by org.testng.reporters.JUnitReportReporter -->
<testsuite hostname="DELL" failures="0" tests="1" name="login_test.login_test_class" time="4.508" errors="0" timestamp="2023-01-02T17:26:53 IST" skipped="0">
  <testcase classname="login_test.login_test_class" name="submit" time="4.508"/>
  <system-out/>
</testsuite> <!-- login_test.login_test_class -->
